-- Install configuration: ""
-- Execute custom install script
-- Up-to-date symlink: /home/tarek/TMWS/install/TMP/share/TMP/launch/SL.py
-- Up-to-date symlink: /home/tarek/TMWS/install/TMP/share/TMP/launch/empty_world.launch.py
-- Up-to-date symlink: /home/tarek/TMWS/install/TMP/share/TMP/launch/robot_state_publisher.launch.py
-- Up-to-date symlink: /home/tarek/TMWS/install/TMP/share/TMP/launch/spawn_turtlebot3.launch.py
-- Up-to-date symlink: /home/tarek/TMWS/install/TMP/share/TMP/launch/turtlebot3_dqn_stage1.launch.py
-- Up-to-date symlink: /home/tarek/TMWS/install/TMP/share/TMP/launch/turtlebot3_dqn_stage2.launch.py
-- Up-to-date symlink: /home/tarek/TMWS/install/TMP/share/TMP/launch/turtlebot3_dqn_stage3.launch.py
-- Up-to-date symlink: /home/tarek/TMWS/install/TMP/share/TMP/launch/turtlebot3_dqn_stage4.launch.py
-- Up-to-date symlink: /home/tarek/TMWS/install/TMP/share/TMP/launch/turtlebot3_house.launch.py
-- Up-to-date symlink: /home/tarek/TMWS/install/TMP/share/TMP/launch/turtlebot3_world.launch.py
-- Up-to-date symlink: /home/tarek/TMWS/install/TMP/share/TMP/urdf/common_properties.urdf
-- Up-to-date symlink: /home/tarek/TMWS/install/TMP/share/TMP/urdf/turtlebot3_burger.urdf
-- Up-to-date symlink: /home/tarek/TMWS/install/TMP/share/TMP/urdf/turtlebot3_waffle.urdf
-- Up-to-date symlink: /home/tarek/TMWS/install/TMP/share/TMP/urdf/turtlebot3_waffle_pi.urdf
-- Up-to-date symlink: /home/tarek/TMWS/install/TMP/share/TMP/meshes/bases/burger_base.stl
-- Up-to-date symlink: /home/tarek/TMWS/install/TMP/share/TMP/meshes/bases/waffle_base.stl
-- Up-to-date symlink: /home/tarek/TMWS/install/TMP/share/TMP/meshes/bases/waffle_pi_base.stl
-- Up-to-date symlink: /home/tarek/TMWS/install/TMP/share/TMP/meshes/sensors/astra.dae
-- Up-to-date symlink: /home/tarek/TMWS/install/TMP/share/TMP/meshes/sensors/astra.jpg
-- Up-to-date symlink: /home/tarek/TMWS/install/TMP/share/TMP/meshes/sensors/lds.stl
-- Up-to-date symlink: /home/tarek/TMWS/install/TMP/share/TMP/meshes/sensors/r200.dae
-- Up-to-date symlink: /home/tarek/TMWS/install/TMP/share/TMP/meshes/sensors/r200.jpg
-- Up-to-date symlink: /home/tarek/TMWS/install/TMP/share/TMP/meshes/wheels/left_tire.stl
-- Up-to-date symlink: /home/tarek/TMWS/install/TMP/share/TMP/meshes/wheels/right_tire.stl
-- Up-to-date symlink: /home/tarek/TMWS/install/TMP/share/TMP/worlds/empty_world.world
-- Up-to-date symlink: /home/tarek/TMWS/install/TMP/share/TMP/worlds/turtlebot3_dqn_stage1.world
-- Up-to-date symlink: /home/tarek/TMWS/install/TMP/share/TMP/worlds/turtlebot3_dqn_stage2.world
-- Up-to-date symlink: /home/tarek/TMWS/install/TMP/share/TMP/worlds/turtlebot3_dqn_stage3.world
-- Up-to-date symlink: /home/tarek/TMWS/install/TMP/share/TMP/worlds/turtlebot3_dqn_stage4.world
-- Up-to-date symlink: /home/tarek/TMWS/install/TMP/share/TMP/worlds/turtlebot3_house.world
-- Up-to-date symlink: /home/tarek/TMWS/install/TMP/share/TMP/worlds/turtlebot3_world.world
-- Up-to-date symlink: /home/tarek/TMWS/install/TMP/share/TMP/param/burger.yaml
-- Up-to-date symlink: /home/tarek/TMWS/install/TMP/share/TMP/param/waffle.yaml
-- Up-to-date symlink: /home/tarek/TMWS/install/TMP/share/TMP/param/waffle_pi.yaml
-- Up-to-date symlink: /home/tarek/TMWS/install/TMP/share/TMP/script/99-turtlebot3-cdc.rules
-- Up-to-date symlink: /home/tarek/TMWS/install/TMP/share/TMP/script/create_udev_rules
-- Up-to-date symlink: /home/tarek/TMWS/install/TMP/share/ament_index/resource_index/package_run_dependencies/TMP
-- Up-to-date symlink: /home/tarek/TMWS/install/TMP/share/ament_index/resource_index/parent_prefix_path/TMP
-- Up-to-date symlink: /home/tarek/TMWS/install/TMP/share/TMP/environment/ament_prefix_path.sh
-- Up-to-date symlink: /home/tarek/TMWS/install/TMP/share/TMP/environment/ament_prefix_path.dsv
-- Up-to-date symlink: /home/tarek/TMWS/install/TMP/share/TMP/environment/path.sh
-- Up-to-date symlink: /home/tarek/TMWS/install/TMP/share/TMP/environment/path.dsv
-- Up-to-date symlink: /home/tarek/TMWS/install/TMP/share/TMP/local_setup.bash
-- Up-to-date symlink: /home/tarek/TMWS/install/TMP/share/TMP/local_setup.sh
-- Up-to-date symlink: /home/tarek/TMWS/install/TMP/share/TMP/local_setup.zsh
-- Up-to-date symlink: /home/tarek/TMWS/install/TMP/share/TMP/local_setup.dsv
-- Symlinking: /home/tarek/TMWS/install/TMP/share/TMP/package.dsv
-- Up-to-date symlink: /home/tarek/TMWS/install/TMP/share/ament_index/resource_index/packages/TMP
-- Up-to-date symlink: /home/tarek/TMWS/install/TMP/share/TMP/cmake/TMPConfig.cmake
-- Up-to-date symlink: /home/tarek/TMWS/install/TMP/share/TMP/cmake/TMPConfig-version.cmake
-- Up-to-date symlink: /home/tarek/TMWS/install/TMP/share/TMP/package.xml
