-- Found ament_cmake: 1.3.8 (/opt/ros/humble/share/ament_cmake/cmake)
-- Override CMake install command with custom implementation using symlinks instead of copying resources
-- Found ament_lint_auto: 0.12.10 (/opt/ros/humble/share/ament_lint_auto/cmake)
-- Added test 'copyright' to check source files copyright and LICENSE
-- Added test 'flake8' to check Python code syntax and style conventions
-- Added test 'lint_cmake' to check CMake code style
-- Added test 'pep257' to check Python code against some of the docstring style conventions in PEP 257
-- Added test 'xmllint' to check XML markup files
-- Configuring done
-- Generating done
-- Build files have been written to: /home/tarek/TMWS/build/TMP
-- Install configuration: ""
-- Execute custom install script
-- Symlinking: /home/tarek/TMWS/install/TMP/share/TMP/launch/empty_world.launch.py
-- Symlinking: /home/tarek/TMWS/install/TMP/share/TMP/launch/robot_state_publisher.launch.py
-- Symlinking: /home/tarek/TMWS/install/TMP/share/TMP/launch/spawn_turtlebot3.launch.py
-- Symlinking: /home/tarek/TMWS/install/TMP/share/TMP/launch/turtlebot3_dqn_stage1.launch.py
-- Symlinking: /home/tarek/TMWS/install/TMP/share/TMP/launch/turtlebot3_dqn_stage2.launch.py
-- Symlinking: /home/tarek/TMWS/install/TMP/share/TMP/launch/turtlebot3_dqn_stage3.launch.py
-- Symlinking: /home/tarek/TMWS/install/TMP/share/TMP/launch/turtlebot3_dqn_stage4.launch.py
-- Symlinking: /home/tarek/TMWS/install/TMP/share/TMP/launch/turtlebot3_house.launch.py
-- Symlinking: /home/tarek/TMWS/install/TMP/share/TMP/launch/turtlebot3_world.launch.py
-- Symlinking: /home/tarek/TMWS/install/TMP/share/TMP/urdf/common_properties.urdf
-- Symlinking: /home/tarek/TMWS/install/TMP/share/TMP/urdf/turtlebot3_burger.urdf
-- Symlinking: /home/tarek/TMWS/install/TMP/share/TMP/urdf/turtlebot3_waffle.urdf
-- Symlinking: /home/tarek/TMWS/install/TMP/share/TMP/urdf/turtlebot3_waffle_pi.urdf
-- Symlinking: /home/tarek/TMWS/install/TMP/share/TMP/meshes/bases/burger_base.stl
-- Symlinking: /home/tarek/TMWS/install/TMP/share/TMP/meshes/bases/waffle_base.stl
-- Symlinking: /home/tarek/TMWS/install/TMP/share/TMP/meshes/bases/waffle_pi_base.stl
-- Symlinking: /home/tarek/TMWS/install/TMP/share/TMP/meshes/sensors/astra.dae
-- Symlinking: /home/tarek/TMWS/install/TMP/share/TMP/meshes/sensors/astra.jpg
-- Symlinking: /home/tarek/TMWS/install/TMP/share/TMP/meshes/sensors/lds.stl
-- Symlinking: /home/tarek/TMWS/install/TMP/share/TMP/meshes/sensors/r200.dae
-- Symlinking: /home/tarek/TMWS/install/TMP/share/TMP/meshes/sensors/r200.jpg
-- Symlinking: /home/tarek/TMWS/install/TMP/share/TMP/meshes/wheels/left_tire.stl
-- Symlinking: /home/tarek/TMWS/install/TMP/share/TMP/meshes/wheels/right_tire.stl
-- Symlinking: /home/tarek/TMWS/install/TMP/share/TMP/worlds/empty_world.world
-- Symlinking: /home/tarek/TMWS/install/TMP/share/TMP/worlds/turtlebot3_dqn_stage1.world
-- Symlinking: /home/tarek/TMWS/install/TMP/share/TMP/worlds/turtlebot3_dqn_stage2.world
-- Symlinking: /home/tarek/TMWS/install/TMP/share/TMP/worlds/turtlebot3_dqn_stage3.world
-- Symlinking: /home/tarek/TMWS/install/TMP/share/TMP/worlds/turtlebot3_dqn_stage4.world
-- Symlinking: /home/tarek/TMWS/install/TMP/share/TMP/worlds/turtlebot3_house.world
-- Symlinking: /home/tarek/TMWS/install/TMP/share/TMP/worlds/turtlebot3_world.world
-- Symlinking: /home/tarek/TMWS/install/TMP/share/TMP/param/burger.yaml
-- Symlinking: /home/tarek/TMWS/install/TMP/share/TMP/param/waffle.yaml
-- Symlinking: /home/tarek/TMWS/install/TMP/share/TMP/param/waffle_pi.yaml
-- Symlinking: /home/tarek/TMWS/install/TMP/share/TMP/script/99-turtlebot3-cdc.rules
-- Symlinking: /home/tarek/TMWS/install/TMP/share/TMP/script/create_udev_rules
-- Up-to-date symlink: /home/tarek/TMWS/install/TMP/share/ament_index/resource_index/package_run_dependencies/TMP
-- Up-to-date symlink: /home/tarek/TMWS/install/TMP/share/ament_index/resource_index/parent_prefix_path/TMP
-- Up-to-date symlink: /home/tarek/TMWS/install/TMP/share/TMP/environment/ament_prefix_path.sh
-- Up-to-date symlink: /home/tarek/TMWS/install/TMP/share/TMP/environment/ament_prefix_path.dsv
-- Up-to-date symlink: /home/tarek/TMWS/install/TMP/share/TMP/environment/path.sh
-- Up-to-date symlink: /home/tarek/TMWS/install/TMP/share/TMP/environment/path.dsv
-- Up-to-date symlink: /home/tarek/TMWS/install/TMP/share/TMP/local_setup.bash
-- Up-to-date symlink: /home/tarek/TMWS/install/TMP/share/TMP/local_setup.sh
-- Up-to-date symlink: /home/tarek/TMWS/install/TMP/share/TMP/local_setup.zsh
-- Up-to-date symlink: /home/tarek/TMWS/install/TMP/share/TMP/local_setup.dsv
-- Symlinking: /home/tarek/TMWS/install/TMP/share/TMP/package.dsv
-- Up-to-date symlink: /home/tarek/TMWS/install/TMP/share/ament_index/resource_index/packages/TMP
-- Up-to-date symlink: /home/tarek/TMWS/install/TMP/share/TMP/cmake/TMPConfig.cmake
-- Up-to-date symlink: /home/tarek/TMWS/install/TMP/share/TMP/cmake/TMPConfig-version.cmake
-- Up-to-date symlink: /home/tarek/TMWS/install/TMP/share/TMP/package.xml
