[0.020s] Invoking command in '/home/tarek/TMWS/build/TMP': CMAKE_PREFIX_PATH=${CMAKE_PREFIX_PATH}:/home/tarek/pfe_nodes/install/my_node_controller:/opt/ros/humble /usr/bin/cmake --build /home/tarek/TMWS/build/TMP -- -j8 -l8
[0.059s] -- Found ament_cmake: 1.3.8 (/opt/ros/humble/share/ament_cmake/cmake)
[0.281s] -- Override CMake install command with custom implementation using symlinks instead of copying resources
[0.292s] -- Found ament_lint_auto: 0.12.10 (/opt/ros/humble/share/ament_lint_auto/cmake)
[0.390s] WARNING: Package name "TMP" does not follow the naming conventions. It should start with a lower case letter and only contain lower case letters, digits, underscores, and dashes.
[0.430s] -- Added test 'copyright' to check source files copyright and LICENSE
[0.438s] -- Added test 'flake8' to check Python code syntax and style conventions
[0.439s] -- Added test 'lint_cmake' to check CMake code style
[0.440s] -- Added test 'pep257' to check Python code against some of the docstring style conventions in PEP 257
[0.443s] -- Added test 'xmllint' to check XML markup files
[0.445s] -- Configuring done
[0.449s] -- Generating done
[0.451s] -- Build files have been written to: /home/tarek/TMWS/build/TMP
[0.488s] Invoked command in '/home/tarek/TMWS/build/TMP' returned '0': CMAKE_PREFIX_PATH=${CMAKE_PREFIX_PATH}:/home/tarek/pfe_nodes/install/my_node_controller:/opt/ros/humble /usr/bin/cmake --build /home/tarek/TMWS/build/TMP -- -j8 -l8
[0.542s] Invoking command in '/home/tarek/TMWS/build/TMP': CMAKE_PREFIX_PATH=${CMAKE_PREFIX_PATH}:/home/tarek/pfe_nodes/install/my_node_controller:/opt/ros/humble /usr/bin/cmake --install /home/tarek/TMWS/build/TMP
[0.554s] -- Install configuration: ""
[0.555s] -- Execute custom install script
[0.555s] -- Symlinking: /home/tarek/TMWS/install/TMP/share/TMP/launch/empty_world.launch.py
[0.571s] -- Symlinking: /home/tarek/TMWS/install/TMP/share/TMP/launch/robot_state_publisher.launch.py
[0.587s] -- Symlinking: /home/tarek/TMWS/install/TMP/share/TMP/launch/spawn_turtlebot3.launch.py
[0.602s] -- Symlinking: /home/tarek/TMWS/install/TMP/share/TMP/launch/turtlebot3_dqn_stage1.launch.py
[0.618s] -- Symlinking: /home/tarek/TMWS/install/TMP/share/TMP/launch/turtlebot3_dqn_stage2.launch.py
[0.633s] -- Symlinking: /home/tarek/TMWS/install/TMP/share/TMP/launch/turtlebot3_dqn_stage3.launch.py
[0.649s] -- Symlinking: /home/tarek/TMWS/install/TMP/share/TMP/launch/turtlebot3_dqn_stage4.launch.py
[0.664s] -- Symlinking: /home/tarek/TMWS/install/TMP/share/TMP/launch/turtlebot3_house.launch.py
[0.680s] -- Symlinking: /home/tarek/TMWS/install/TMP/share/TMP/launch/turtlebot3_world.launch.py
[0.696s] -- Symlinking: /home/tarek/TMWS/install/TMP/share/TMP/urdf/common_properties.urdf
[0.711s] -- Symlinking: /home/tarek/TMWS/install/TMP/share/TMP/urdf/turtlebot3_burger.urdf
[0.727s] -- Symlinking: /home/tarek/TMWS/install/TMP/share/TMP/urdf/turtlebot3_waffle.urdf
[0.742s] -- Symlinking: /home/tarek/TMWS/install/TMP/share/TMP/urdf/turtlebot3_waffle_pi.urdf
[0.759s] -- Symlinking: /home/tarek/TMWS/install/TMP/share/TMP/meshes/bases/burger_base.stl
[0.774s] -- Symlinking: /home/tarek/TMWS/install/TMP/share/TMP/meshes/bases/waffle_base.stl
[0.790s] -- Symlinking: /home/tarek/TMWS/install/TMP/share/TMP/meshes/bases/waffle_pi_base.stl
[0.805s] -- Symlinking: /home/tarek/TMWS/install/TMP/share/TMP/meshes/sensors/astra.dae
[0.821s] -- Symlinking: /home/tarek/TMWS/install/TMP/share/TMP/meshes/sensors/astra.jpg
[0.837s] -- Symlinking: /home/tarek/TMWS/install/TMP/share/TMP/meshes/sensors/lds.stl
[0.853s] -- Symlinking: /home/tarek/TMWS/install/TMP/share/TMP/meshes/sensors/r200.dae
[0.868s] -- Symlinking: /home/tarek/TMWS/install/TMP/share/TMP/meshes/sensors/r200.jpg
[0.884s] -- Symlinking: /home/tarek/TMWS/install/TMP/share/TMP/meshes/wheels/left_tire.stl
[0.898s] -- Symlinking: /home/tarek/TMWS/install/TMP/share/TMP/meshes/wheels/right_tire.stl
[0.913s] -- Symlinking: /home/tarek/TMWS/install/TMP/share/TMP/worlds/empty_world.world
[0.929s] -- Symlinking: /home/tarek/TMWS/install/TMP/share/TMP/worlds/turtlebot3_dqn_stage1.world
[0.944s] -- Symlinking: /home/tarek/TMWS/install/TMP/share/TMP/worlds/turtlebot3_dqn_stage2.world
[0.958s] -- Symlinking: /home/tarek/TMWS/install/TMP/share/TMP/worlds/turtlebot3_dqn_stage3.world
[0.975s] -- Symlinking: /home/tarek/TMWS/install/TMP/share/TMP/worlds/turtlebot3_dqn_stage4.world
[0.993s] -- Symlinking: /home/tarek/TMWS/install/TMP/share/TMP/worlds/turtlebot3_house.world
[1.010s] -- Symlinking: /home/tarek/TMWS/install/TMP/share/TMP/worlds/turtlebot3_world.world
[1.027s] -- Symlinking: /home/tarek/TMWS/install/TMP/share/TMP/param/burger.yaml
[1.043s] -- Symlinking: /home/tarek/TMWS/install/TMP/share/TMP/param/waffle.yaml
[1.061s] -- Symlinking: /home/tarek/TMWS/install/TMP/share/TMP/param/waffle_pi.yaml
[1.080s] -- Symlinking: /home/tarek/TMWS/install/TMP/share/TMP/script/99-turtlebot3-cdc.rules
[1.098s] -- Symlinking: /home/tarek/TMWS/install/TMP/share/TMP/script/create_udev_rules
[1.117s] -- Up-to-date symlink: /home/tarek/TMWS/install/TMP/share/ament_index/resource_index/package_run_dependencies/TMP
[1.117s] -- Up-to-date symlink: /home/tarek/TMWS/install/TMP/share/ament_index/resource_index/parent_prefix_path/TMP
[1.117s] -- Up-to-date symlink: /home/tarek/TMWS/install/TMP/share/TMP/environment/ament_prefix_path.sh
[1.118s] -- Up-to-date symlink: /home/tarek/TMWS/install/TMP/share/TMP/environment/ament_prefix_path.dsv
[1.118s] -- Up-to-date symlink: /home/tarek/TMWS/install/TMP/share/TMP/environment/path.sh
[1.118s] -- Up-to-date symlink: /home/tarek/TMWS/install/TMP/share/TMP/environment/path.dsv
[1.118s] -- Up-to-date symlink: /home/tarek/TMWS/install/TMP/share/TMP/local_setup.bash
[1.119s] -- Up-to-date symlink: /home/tarek/TMWS/install/TMP/share/TMP/local_setup.sh
[1.119s] -- Up-to-date symlink: /home/tarek/TMWS/install/TMP/share/TMP/local_setup.zsh
[1.119s] -- Up-to-date symlink: /home/tarek/TMWS/install/TMP/share/TMP/local_setup.dsv
[1.120s] -- Symlinking: /home/tarek/TMWS/install/TMP/share/TMP/package.dsv
[1.139s] -- Up-to-date symlink: /home/tarek/TMWS/install/TMP/share/ament_index/resource_index/packages/TMP
[1.139s] -- Up-to-date symlink: /home/tarek/TMWS/install/TMP/share/TMP/cmake/TMPConfig.cmake
[1.140s] -- Up-to-date symlink: /home/tarek/TMWS/install/TMP/share/TMP/cmake/TMPConfig-version.cmake
[1.140s] -- Up-to-date symlink: /home/tarek/TMWS/install/TMP/share/TMP/package.xml
[1.144s] Invoked command in '/home/tarek/TMWS/build/TMP' returned '0': CMAKE_PREFIX_PATH=${CMAKE_PREFIX_PATH}:/home/tarek/pfe_nodes/install/my_node_controller:/opt/ros/humble /usr/bin/cmake --install /home/tarek/TMWS/build/TMP
