[0.019s] Invoking command in '/home/tarek/TMWS/build/TMP': CMAKE_PREFIX_PATH=/home/tarek/pfe_nodes/install/my_node_controller:/opt/ros/humble /usr/bin/cmake /home/tarek/TMWS/src/TMP -DCMAKE_INSTALL_PREFIX=/home/tarek/TMWS/install/TMP
[0.186s] -- The C compiler identification is GNU 11.4.0
[0.337s] -- The CXX compiler identification is GNU 11.4.0
[0.356s] -- Detecting C compiler ABI info
[0.492s] -- Detecting C compiler ABI info - done
[0.508s] -- Check for working C compiler: /usr/bin/cc - skipped
[0.509s] -- Detecting C compile features
[0.510s] -- Detecting C compile features - done
[0.517s] -- Detecting CXX compiler ABI info
[0.671s] -- Detecting CXX compiler ABI info - done
[0.688s] -- Check for working CXX compiler: /usr/bin/c++ - skipped
[0.688s] -- Detecting CXX compile features
[0.689s] -- Detecting CXX compile features - done
[0.696s] -- Found ament_cmake: 1.3.8 (/opt/ros/humble/share/ament_cmake/cmake)
[1.026s] -- Found Python3: /usr/bin/python3 (found version "3.10.12") found components: Interpreter 
[1.209s] -- Found ament_lint_auto: 0.12.10 (/opt/ros/humble/share/ament_lint_auto/cmake)
[1.318s] WARNING: Package name "TMP" does not follow the naming conventions. It should start with a lower case letter and only contain lower case letters, digits, underscores, and dashes.
[1.385s] -- Added test 'lint_cmake' to check CMake code style
[1.387s] -- Added test 'xmllint' to check XML markup files
[1.389s] -- Configuring done
[1.394s] -- Generating done
[1.396s] -- Build files have been written to: /home/tarek/TMWS/build/TMP
[1.405s] Invoked command in '/home/tarek/TMWS/build/TMP' returned '0': CMAKE_PREFIX_PATH=/home/tarek/pfe_nodes/install/my_node_controller:/opt/ros/humble /usr/bin/cmake /home/tarek/TMWS/src/TMP -DCMAKE_INSTALL_PREFIX=/home/tarek/TMWS/install/TMP
[1.407s] Invoking command in '/home/tarek/TMWS/build/TMP': CMAKE_PREFIX_PATH=/home/tarek/pfe_nodes/install/my_node_controller:/opt/ros/humble /usr/bin/cmake --build /home/tarek/TMWS/build/TMP -- -j8 -l8
[1.476s] Invoked command in '/home/tarek/TMWS/build/TMP' returned '0': CMAKE_PREFIX_PATH=/home/tarek/pfe_nodes/install/my_node_controller:/opt/ros/humble /usr/bin/cmake --build /home/tarek/TMWS/build/TMP -- -j8 -l8
[1.534s] Invoking command in '/home/tarek/TMWS/build/TMP': CMAKE_PREFIX_PATH=/home/tarek/pfe_nodes/install/my_node_controller:/opt/ros/humble /usr/bin/cmake --install /home/tarek/TMWS/build/TMP
[1.548s] -- Install configuration: ""
[1.548s] -- Installing: /home/tarek/TMWS/install/TMP/share/ament_index/resource_index/package_run_dependencies/TMP
[1.548s] -- Installing: /home/tarek/TMWS/install/TMP/share/ament_index/resource_index/parent_prefix_path/TMP
[1.548s] -- Installing: /home/tarek/TMWS/install/TMP/share/TMP/environment/ament_prefix_path.sh
[1.548s] -- Installing: /home/tarek/TMWS/install/TMP/share/TMP/environment/ament_prefix_path.dsv
[1.549s] -- Installing: /home/tarek/TMWS/install/TMP/share/TMP/environment/path.sh
[1.549s] -- Installing: /home/tarek/TMWS/install/TMP/share/TMP/environment/path.dsv
[1.549s] -- Installing: /home/tarek/TMWS/install/TMP/share/TMP/local_setup.bash
[1.549s] -- Installing: /home/tarek/TMWS/install/TMP/share/TMP/local_setup.sh
[1.549s] -- Installing: /home/tarek/TMWS/install/TMP/share/TMP/local_setup.zsh
[1.550s] -- Installing: /home/tarek/TMWS/install/TMP/share/TMP/local_setup.dsv
[1.550s] -- Installing: /home/tarek/TMWS/install/TMP/share/TMP/package.dsv
[1.550s] -- Installing: /home/tarek/TMWS/install/TMP/share/ament_index/resource_index/packages/TMP
[1.550s] -- Installing: /home/tarek/TMWS/install/TMP/share/TMP/cmake/TMPConfig.cmake
[1.550s] -- Installing: /home/tarek/TMWS/install/TMP/share/TMP/cmake/TMPConfig-version.cmake
[1.551s] -- Installing: /home/tarek/TMWS/install/TMP/share/TMP/package.xml
[1.554s] Invoked command in '/home/tarek/TMWS/build/TMP' returned '0': CMAKE_PREFIX_PATH=/home/tarek/pfe_nodes/install/my_node_controller:/opt/ros/humble /usr/bin/cmake --install /home/tarek/TMWS/build/TMP
