-- Found ament_cmake: 1.3.8 (/opt/ros/humble/share/ament_cmake/cmake)
-- Override CMake install command with custom implementation using symlinks instead of copying resources
-- Found ament_lint_auto: 0.12.10 (/opt/ros/humble/share/ament_lint_auto/cmake)
WARNING: Package name "TMP" does not follow the naming conventions. It should start with a lower case letter and only contain lower case letters, digits, underscores, and dashes.
-- Added test 'flake8' to check Python code syntax and style conventions
-- Added test 'lint_cmake' to check CMake code style
-- Added test 'pep257' to check Python code against some of the docstring style conventions in PEP 257
-- Added test 'xmllint' to check XML markup files
-- Configuring done
-- Generating done
-- Build files have been written to: /home/tarek/TMWS/build/TMP
-- Install configuration: ""
-- Execute custom install script
-- Symlinking: /home/tarek/TMWS/install/TMP/share/ament_index/resource_index/package_run_dependencies/TMP
-- Symlinking: /home/tarek/TMWS/install/TMP/share/ament_index/resource_index/parent_prefix_path/TMP
-- Symlinking: /home/tarek/TMWS/install/TMP/share/TMP/environment/ament_prefix_path.sh
-- Symlinking: /home/tarek/TMWS/install/TMP/share/TMP/environment/ament_prefix_path.dsv
-- Symlinking: /home/tarek/TMWS/install/TMP/share/TMP/environment/path.sh
-- Symlinking: /home/tarek/TMWS/install/TMP/share/TMP/environment/path.dsv
-- Symlinking: /home/tarek/TMWS/install/TMP/share/TMP/local_setup.bash
-- Symlinking: /home/tarek/TMWS/install/TMP/share/TMP/local_setup.sh
-- Symlinking: /home/tarek/TMWS/install/TMP/share/TMP/local_setup.zsh
-- Symlinking: /home/tarek/TMWS/install/TMP/share/TMP/local_setup.dsv
-- Symlinking: /home/tarek/TMWS/install/TMP/share/TMP/package.dsv
-- Symlinking: /home/tarek/TMWS/install/TMP/share/ament_index/resource_index/packages/TMP
-- Symlinking: /home/tarek/TMWS/install/TMP/share/TMP/cmake/TMPConfig.cmake
-- Symlinking: /home/tarek/TMWS/install/TMP/share/TMP/cmake/TMPConfig-version.cmake
-- Symlinking: /home/tarek/TMWS/install/TMP/share/TMP/package.xml
