[0.018s] Invoking command in '/home/tarek/TMWS/build/TMP': CMAKE_PREFIX_PATH=${CMAKE_PREFIX_PATH}:/home/tarek/pfe_nodes/install/my_node_controller:/opt/ros/humble /usr/bin/cmake /home/tarek/TMWS/src/TMP -DAMENT_CMAKE_SYMLINK_INSTALL=1 -DCMAKE_INSTALL_PREFIX=/home/tarek/TMWS/install/TMP
[0.040s] -- Found ament_cmake: 1.3.8 (/opt/ros/humble/share/ament_cmake/cmake)
[0.254s] -- Override CMake install command with custom implementation using symlinks instead of copying resources
[0.268s] -- Found ament_lint_auto: 0.12.10 (/opt/ros/humble/share/ament_lint_auto/cmake)
[0.365s] WARNING: Package name "TMP" does not follow the naming conventions. It should start with a lower case letter and only contain lower case letters, digits, underscores, and dashes.
[0.396s] -- Added test 'flake8' to check Python code syntax and style conventions
[0.397s] -- Added test 'lint_cmake' to check CMake code style
[0.398s] -- Added test 'pep257' to check Python code against some of the docstring style conventions in PEP 257
[0.402s] -- Added test 'xmllint' to check XML markup files
[0.404s] -- Configuring done
[0.408s] -- Generating done
[0.409s] -- Build files have been written to: /home/tarek/TMWS/build/TMP
[0.413s] Invoked command in '/home/tarek/TMWS/build/TMP' returned '0': CMAKE_PREFIX_PATH=${CMAKE_PREFIX_PATH}:/home/tarek/pfe_nodes/install/my_node_controller:/opt/ros/humble /usr/bin/cmake /home/tarek/TMWS/src/TMP -DAMENT_CMAKE_SYMLINK_INSTALL=1 -DCMAKE_INSTALL_PREFIX=/home/tarek/TMWS/install/TMP
[0.417s] Invoking command in '/home/tarek/TMWS/build/TMP': CMAKE_PREFIX_PATH=${CMAKE_PREFIX_PATH}:/home/tarek/pfe_nodes/install/my_node_controller:/opt/ros/humble /usr/bin/cmake --build /home/tarek/TMWS/build/TMP -- -j8 -l8
[0.479s] Invoked command in '/home/tarek/TMWS/build/TMP' returned '0': CMAKE_PREFIX_PATH=${CMAKE_PREFIX_PATH}:/home/tarek/pfe_nodes/install/my_node_controller:/opt/ros/humble /usr/bin/cmake --build /home/tarek/TMWS/build/TMP -- -j8 -l8
[0.531s] Invoking command in '/home/tarek/TMWS/build/TMP': CMAKE_PREFIX_PATH=${CMAKE_PREFIX_PATH}:/home/tarek/pfe_nodes/install/my_node_controller:/opt/ros/humble /usr/bin/cmake --install /home/tarek/TMWS/build/TMP
[0.544s] -- Install configuration: ""
[0.544s] -- Execute custom install script
[0.545s] -- Symlinking: /home/tarek/TMWS/install/TMP/share/ament_index/resource_index/package_run_dependencies/TMP
[0.560s] -- Symlinking: /home/tarek/TMWS/install/TMP/share/ament_index/resource_index/parent_prefix_path/TMP
[0.575s] -- Symlinking: /home/tarek/TMWS/install/TMP/share/TMP/environment/ament_prefix_path.sh
[0.590s] -- Symlinking: /home/tarek/TMWS/install/TMP/share/TMP/environment/ament_prefix_path.dsv
[0.604s] -- Symlinking: /home/tarek/TMWS/install/TMP/share/TMP/environment/path.sh
[0.619s] -- Symlinking: /home/tarek/TMWS/install/TMP/share/TMP/environment/path.dsv
[0.635s] -- Symlinking: /home/tarek/TMWS/install/TMP/share/TMP/local_setup.bash
[0.650s] -- Symlinking: /home/tarek/TMWS/install/TMP/share/TMP/local_setup.sh
[0.665s] -- Symlinking: /home/tarek/TMWS/install/TMP/share/TMP/local_setup.zsh
[0.680s] -- Symlinking: /home/tarek/TMWS/install/TMP/share/TMP/local_setup.dsv
[0.695s] -- Symlinking: /home/tarek/TMWS/install/TMP/share/TMP/package.dsv
[0.709s] -- Symlinking: /home/tarek/TMWS/install/TMP/share/ament_index/resource_index/packages/TMP
[0.724s] -- Symlinking: /home/tarek/TMWS/install/TMP/share/TMP/cmake/TMPConfig.cmake
[0.739s] -- Symlinking: /home/tarek/TMWS/install/TMP/share/TMP/cmake/TMPConfig-version.cmake
[0.754s] -- Symlinking: /home/tarek/TMWS/install/TMP/share/TMP/package.xml
[0.772s] Invoked command in '/home/tarek/TMWS/build/TMP' returned '0': CMAKE_PREFIX_PATH=${CMAKE_PREFIX_PATH}:/home/tarek/pfe_nodes/install/my_node_controller:/opt/ros/humble /usr/bin/cmake --install /home/tarek/TMWS/build/TMP
