[0.110s] DEBUG:colcon:Command line arguments: ['/usr/bin/colcon', 'list', '-p', '--base-paths', '/home/tarek/TMWS']
[0.110s] DEBUG:colcon:Parsed command line arguments: Namespace(log_base=None, log_level=None, verb_name='list', build_base='build', ignore_user_meta=False, metas=['./colcon.meta'], base_paths=['/home/tarek/TMWS'], packages_ignore=None, packages_ignore_regex=None, paths=None, packages_up_to=None, packages_up_to_regex=None, packages_above=None, packages_above_and_dependencies=None, packages_above_depth=None, packages_select_by_dep=None, packages_skip_by_dep=None, packages_skip_up_to=None, packages_select_build_failed=False, packages_skip_build_finished=False, packages_select_test_failures=False, packages_skip_test_passed=False, packages_select=None, packages_skip=None, packages_select_regex=None, packages_skip_regex=None, packages_start=None, packages_end=None, allow_overriding=[], topological_order=False, names_only=False, paths_only=True, topological_graph=False, topological_graph_dot=False, topological_graph_density=False, topological_graph_legend=False, topological_graph_dot_cluster=False, topological_graph_dot_include_skipped=False, verb_parser=<colcon_defaults.argument_parser.defaults.DefaultArgumentsDecorator object at 0x7c2e3af3f580>, verb_extension=<colcon_package_information.verb.list.ListVerb object at 0x7c2e3af3e170>, main=<bound method ListVerb.main of <colcon_package_information.verb.list.ListVerb object at 0x7c2e3af3e170>>)
[0.333s] Level 1:colcon.colcon_core.package_discovery:discover_packages(colcon_meta) check parameters
[0.333s] Level 1:colcon.colcon_core.package_discovery:discover_packages(recursive) check parameters
[0.333s] Level 1:colcon.colcon_core.package_discovery:discover_packages(ignore) check parameters
[0.333s] Level 1:colcon.colcon_core.package_discovery:discover_packages(path) check parameters
[0.333s] Level 1:colcon.colcon_core.package_discovery:discover_packages(recursive) discover
[0.333s] INFO:colcon.colcon_core.package_discovery:Crawling recursively for packages in '/home/tarek/TMWS'
[0.333s] Level 1:colcon.colcon_core.package_identification:_identify(/home/tarek/TMWS) by extensions ['ignore', 'ignore_ament_install']
[0.334s] Level 1:colcon.colcon_core.package_identification:_identify(/home/tarek/TMWS) by extension 'ignore'
[0.334s] Level 1:colcon.colcon_core.package_identification:_identify(/home/tarek/TMWS) by extension 'ignore_ament_install'
[0.334s] Level 1:colcon.colcon_core.package_identification:_identify(/home/tarek/TMWS) by extensions ['colcon_pkg']
[0.334s] Level 1:colcon.colcon_core.package_identification:_identify(/home/tarek/TMWS) by extension 'colcon_pkg'
[0.334s] Level 1:colcon.colcon_core.package_identification:_identify(/home/tarek/TMWS) by extensions ['colcon_meta']
[0.334s] Level 1:colcon.colcon_core.package_identification:_identify(/home/tarek/TMWS) by extension 'colcon_meta'
[0.334s] Level 1:colcon.colcon_core.package_identification:_identify(/home/tarek/TMWS) by extensions ['ros']
[0.334s] Level 1:colcon.colcon_core.package_identification:_identify(/home/tarek/TMWS) by extension 'ros'
[0.350s] Level 1:colcon.colcon_core.package_identification:_identify(/home/tarek/TMWS) by extensions ['cmake', 'python']
[0.350s] Level 1:colcon.colcon_core.package_identification:_identify(/home/tarek/TMWS) by extension 'cmake'
[0.350s] Level 1:colcon.colcon_core.package_identification:_identify(/home/tarek/TMWS) by extension 'python'
[0.350s] Level 1:colcon.colcon_core.package_identification:_identify(/home/tarek/TMWS) by extensions ['python_setup_py']
[0.350s] Level 1:colcon.colcon_core.package_identification:_identify(/home/tarek/TMWS) by extension 'python_setup_py'
[0.350s] Level 1:colcon.colcon_core.package_identification:_identify(/home/tarek/TMWS/build) by extensions ['ignore', 'ignore_ament_install']
[0.351s] Level 1:colcon.colcon_core.package_identification:_identify(/home/tarek/TMWS/build) by extension 'ignore'
[0.351s] Level 1:colcon.colcon_core.package_identification:_identify(/home/tarek/TMWS/build) ignored
[0.351s] Level 1:colcon.colcon_core.package_identification:_identify(/home/tarek/TMWS/install) by extensions ['ignore', 'ignore_ament_install']
[0.351s] Level 1:colcon.colcon_core.package_identification:_identify(/home/tarek/TMWS/install) by extension 'ignore'
[0.351s] Level 1:colcon.colcon_core.package_identification:_identify(/home/tarek/TMWS/install) ignored
[0.351s] Level 1:colcon.colcon_core.package_identification:_identify(/home/tarek/TMWS/log) by extensions ['ignore', 'ignore_ament_install']
[0.351s] Level 1:colcon.colcon_core.package_identification:_identify(/home/tarek/TMWS/log) by extension 'ignore'
[0.351s] Level 1:colcon.colcon_core.package_identification:_identify(/home/tarek/TMWS/log) ignored
[0.351s] Level 1:colcon.colcon_core.package_identification:_identify(/home/tarek/TMWS/src) by extensions ['ignore', 'ignore_ament_install']
[0.351s] Level 1:colcon.colcon_core.package_identification:_identify(/home/tarek/TMWS/src) by extension 'ignore'
[0.351s] Level 1:colcon.colcon_core.package_identification:_identify(/home/tarek/TMWS/src) by extension 'ignore_ament_install'
[0.351s] Level 1:colcon.colcon_core.package_identification:_identify(/home/tarek/TMWS/src) by extensions ['colcon_pkg']
[0.351s] Level 1:colcon.colcon_core.package_identification:_identify(/home/tarek/TMWS/src) by extension 'colcon_pkg'
[0.351s] Level 1:colcon.colcon_core.package_identification:_identify(/home/tarek/TMWS/src) by extensions ['colcon_meta']
[0.351s] Level 1:colcon.colcon_core.package_identification:_identify(/home/tarek/TMWS/src) by extension 'colcon_meta'
[0.351s] Level 1:colcon.colcon_core.package_identification:_identify(/home/tarek/TMWS/src) by extensions ['ros']
[0.351s] Level 1:colcon.colcon_core.package_identification:_identify(/home/tarek/TMWS/src) by extension 'ros'
[0.351s] Level 1:colcon.colcon_core.package_identification:_identify(/home/tarek/TMWS/src) by extensions ['cmake', 'python']
[0.351s] Level 1:colcon.colcon_core.package_identification:_identify(/home/tarek/TMWS/src) by extension 'cmake'
[0.351s] Level 1:colcon.colcon_core.package_identification:_identify(/home/tarek/TMWS/src) by extension 'python'
[0.351s] Level 1:colcon.colcon_core.package_identification:_identify(/home/tarek/TMWS/src) by extensions ['python_setup_py']
[0.351s] Level 1:colcon.colcon_core.package_identification:_identify(/home/tarek/TMWS/src) by extension 'python_setup_py'
[0.352s] Level 1:colcon.colcon_core.package_identification:_identify(/home/tarek/TMWS/src/TMP) by extensions ['ignore', 'ignore_ament_install']
[0.352s] Level 1:colcon.colcon_core.package_identification:_identify(/home/tarek/TMWS/src/TMP) by extension 'ignore'
[0.352s] Level 1:colcon.colcon_core.package_identification:_identify(/home/tarek/TMWS/src/TMP) by extension 'ignore_ament_install'
[0.352s] Level 1:colcon.colcon_core.package_identification:_identify(/home/tarek/TMWS/src/TMP) by extensions ['colcon_pkg']
[0.352s] Level 1:colcon.colcon_core.package_identification:_identify(/home/tarek/TMWS/src/TMP) by extension 'colcon_pkg'
[0.352s] Level 1:colcon.colcon_core.package_identification:_identify(/home/tarek/TMWS/src/TMP) by extensions ['colcon_meta']
[0.352s] Level 1:colcon.colcon_core.package_identification:_identify(/home/tarek/TMWS/src/TMP) by extension 'colcon_meta'
[0.352s] Level 1:colcon.colcon_core.package_identification:_identify(/home/tarek/TMWS/src/TMP) by extensions ['ros']
[0.352s] Level 1:colcon.colcon_core.package_identification:_identify(/home/tarek/TMWS/src/TMP) by extension 'ros'
[0.354s] DEBUG:colcon.colcon_core.package_identification:Package '/home/tarek/TMWS/src/TMP' with type 'ros.ament_cmake' and name 'TMP'
[0.354s] Level 1:colcon.colcon_core.package_discovery:discover_packages(recursive) using defaults
